****************************************************************************************************
****************************************************************************************************
*                  MCLiBELa - Monte Carlo-based Ligand Binding Energy Landscape                    *
*                                      Version 0.1  - Build   193                                  *
*                                                                                                  *
* University of Sao Paulo                                                                          *
* More Info:                                                                                       *
*      http://www.biotechmol.ifsc.usp.br                                                           *
*                                                                                                  *
****************************************************************************************************
****************************************************************************************************
*                                                                                                  *
* mode                           Docking                                                           *
* dock_parallel                  1                                                                 *
* parallel_jobs                  2                                                                 *
*                                                                                                  *
* rec_mol2                       ../ampc_rec.mol2.gz                                               *
* lig_mol2                       ../ampc_xtallig.mol2.gz                                           *
* reflig_mol2                    ../ampc_xtallig.mol2.gz                                           *
* multifile                      ./multimol.dat                                                    *
* mol2_aa                        0                                                                 *
*                                                                                                  *
* scoring function               Amber FF                                                          *
* dielectric_model               r                                                                 *
* diel                           1.000                                                             *
* sigma                          3.500                                                             *
* solvation_alpha                0.250                                                             *
* solvation_beta                 -0.005                                                            *
* use grids?                     1                                                                 *
* grid spacing                   0.30                                                              *
* grid box                       30.00                 30.00                 30.00                 *
* load grids                     McGrid                                                            *
*                                                                                                  *
* only_score                     0                                                                 *
* search_box                     12.00                 12.00                 12.00                 *
* minimization_tolerance         0.0000010000                                                      *
* minimization_delta             0.0000010000                                                      *
* dock_min_tol                   0.0000010000                                                      *
* minimization_timeout           30                                                                *
* sort_by_energy                 0                                                                 *
* elec_scale                     1.00                                                              *
* vdw_scale                      1.00                                                              *
* overlay_optimizer              ln_auglag                                                         *
* energy_optimizer               direct                                                            *
* ignore_h                       0                                                                 *
* deal                           0                                                                 *
*                                                                                                  *
* generate_conformers            1                                                                 *
* number_of_conformers           10                                                                *
* conformers_to_rank             1                                                                 *
* conformer_generator            GA                                                                *
*                                                                                                  *
* output_prefix                  AMPC                                                              *
* write_mol2                     0                                                                 *
*                                                                                                  *
****************************************************************************************************
****************************************************************************************************
Original Binding Energy: -91.3091 kcal/mol
Center of computation box: 79.90 5.43 30.00
Loading grids from file McGrid.grid...
Loaded energy grids with 100 x 100 x 100 points spaced by 0.300 Angstroms in each directon.
Grid Origin:   64.90237   -9.56781   14.99589.
Electrostatic Potencial computed with Coulomb model.
Original Grid energy: -88.7892 kcal/mol.
Energy error = 2.7598%.
****************************************************************************************************
    # Ligand       Resi Overlay    Elec     VDW      Rec_Solv Lig_Solv Energy   Con MS    SI
****************************************************************************************************
Running Dock mode in parallel with up to 2 threads...
    1 ZINC00000381 <0>1 1.057e+03   -63.9    -6.38    0        0        -70.3      1  3  3 0.25
    2 ZINC00001358 <0>1 1.377e+03   -70.8    -17.2    0        0        -88.1      9  3  3 0.42
    3 ZINC00001358 <0>1 1.291e+03   -59.2    -7.03    0        0        -66.2      1  3  3 0.24
    4 ZINC00003471 <0>1 1.267e+03   -60.5    -8.21    0        0        -68.7      4  3  3 0.23
    5 ZINC00001344 <0>1 1.351e+03   -47.4    -13.7    0        0        -61.1      8  3  3 0.07
    6 ZINC00001358 <0>1 1.337e+03   -60.9    -9.12    0        0        -70        9  3  3 0.25
    8 ZINC00001344 ZINC 1.789e+03   2.54e-35 -45.7    0        0        -45.7      0  3  3 0.66
    7 ZINC00003471 ZINC 1.762e+03   3.65e-35 -39.9    0        0        -39.9      0  3  3 0.22
    9 ZINC00002719 ZINC 1.727e+03   1.81e-35 -41.3    0        0        -41.3      0  3  3 0.51
   10 ZINC00007217 ZINC 1.875e+03   2.35e-35 -47.7    0        0        -47.7      0  3  3 0.35
   12 ZINC00000381 <0>1 1.047e+03   -60.7    -8.77    0        0        -69.5      1  3  3 0.24
   11 ZINC00001344 ZINC 1.749e+03   3.57e-35 -45      0        0        -45        0  3  3 0.10
   13 ZINC00001344 ZINC 1.950e+03   1.79e-35 -46.8    0        0        -46.8      0  3  3 0.31
   14 ZINC00000607 ZINC 2.146e+03   4.87e-35 -51.5    0        0        -51.5      0  3  3 0.21
   15 ZINC00001572 ZINC 2.175e+03   5.5e-35  -61.2    0        0        -61.2      0  3  3 0.32
   16 ZINC00001572 ZINC 2.055e+03   3.67e-35 -54.9    0        0        -54.9      0  3  3 0.33
   17 ZINC00001933 ZINC 2.498e+03   4.12e-35 -43.4    0        0        -43.4      0  3  3 0.24
   18 ZINC00007230 <0>1 1.387e+03   -40.6    -8.97    0        0        -49.6      8  3  3 0.00
   20 ZINC00007230 <0>1 1.273e+03   -24      -14.1    0        0        -38.1      5  3  3 0.03
   19 ZINC00007230 <0>1 1.411e+03   -54.7    -3.49    0        0        -58.2      2  3  3 0.01
   22 ZINC00007230 <0>1 1.497e+03   -26.4    -10.2    0        0        -36.5     10  3  3 0.07
   21 ZINC00007230 <0>1 1.343e+03   -51      -11.4    0        0        -62.5      8  3  3 0.00
   23 ZINC00007919 ZINC 2.060e+03   3.14e-35 -56.3    0        0        -56.3      0  3  3 0.38
   24 ZINC00007919 ZINC 2.059e+03   3.14e-35 -52.1    0        0        -52.1      0  3  3 0.36
   25 ZINC00009545 ZINC 2.107e+03   4.1e-35  -55.3    0        0        -55.3      0  3  3 0.28
   26 ZINC00009551 <0>1 1.481e+03   -42.5    -11      0        0        -53.5      3  3  3 0.00
   27 ZINC00000210 <0>1 1.341e+03   -52.1    -1.09    0        0        -53.2      3  3  3 0.02
   28 ZINC00000210 <0>1 1.447e+03   -58.1    -17.6    0        0        -75.7     10  3  3 0.39
   29 ZINC00000210 ZINC 1.973e+03   4.08e-35 -42.5    0        0        -42.5      0  3  3 0.14
   30 ZINC00000210 ZINC 1.963e+03   2.54e-35 -39.1    0        0        -39.1      0  3  3 0.35
   31 ZINC00000212 ZINC 2.293e+03   3.29e-35 -44      0        0        -44        0  3  3 0.27
   33 ZINC00000191 ZINC 1.507e+03   4.61e-36 -49.7    0        0        -49.7      0  3  3 0.29
   32 ZINC00000598 <0>1 1.413e+03   -58.7    -10.9    0        0        -69.7     10  3  3 0.27
   35 ZINC00000639 ZINC 2.093e+03   1.71e-35 -48.8    0        0        -48.8      0  3  3 0.27
   34 ZINC00000191 ZINC 1.800e+03   2.49e-35 -43.8    0        0        -43.8      0  3  3 0.41
   37 ZINC00000323 ZINC 1.734e+03   3.43e-35 -53.5    0        0        -53.5      0  3  3 0.19
   36 ZINC00000323 ZINC 1.815e+03   1.34e-35 -49.4    0        0        -49.4      0  3  3 0.25
   39 ZINC00000211 ZINC 2.043e+03   4.05e-35 -44.4    0        0        -44.4      0  3  3 0.34
   38 ZINC00000210 ZINC 2.259e+03   4.06e-35 -53.6    0        0        -53.6      0  3  3 0.23
   41 ZINC00000424 ZINC 1.605e+03   2.76e-35 -55.4    0        0        -55.4      0  3  3 0.19
   40 ZINC00000424 ZINC 1.949e+03   2.87e-35 -49.4    0        0        -49.4      0  3  3 0.24
   43 ZINC00001246 ZINC 2.033e+03   -1.28e-36 -48      0        0        -48        0  3  3 0.19
   42 ZINC00001246 ZINC 2.188e+03   3.75e-35 -47.6    0        0        -47.6      0  3  3 0.16
   45 ZINC00000210 ZINC 2.062e+03   3.35e-35 -44      0        0        -44        0  3  3 0.20
   44 ZINC00000215 ZINC 2.252e+03   2.42e-35 -44      0        0        -44        0  3  3 0.07
   47 ZINC00002353 ZINC 1.909e+03   4.24e-35 -48.9    0        0        -48.9      0  3  3 0.13
   46 ZINC00001923 ZINC 2.100e+03   3.83e-35 -41.6    0        0        -41.6      0  3  3 0.19
   49 ZINC00002487 ZINC 1.974e+03   3.58e-35 -52.3    0        0        -52.3      0  3  3 0.45
   48 ZINC00002353 ZINC 1.809e+03   3.99e-35 -47.4    0        0        -47.4      0  3  3 0.17
   51 ZINC00002995 ZINC 2.103e+03   2.05e-35 -52.5    0        0        -52.5      0  3  3 0.13
   50 ZINC00002995 ZINC 2.133e+03   3.58e-35 -42.2    0        0        -42.2      0  3  3 0.00
   53 ZINC00003260 ZINC 1.837e+03   3.46e-35 -41.6    0        0        -41.6      0  3  3 0.00
   52 ZINC00003260 ZINC 1.836e+03   2.75e-35 -45      0        0        -45        0  3  3 0.19
   55 ZINC00003530 ZINC 2.062e+03   3.43e-35 -47      0        0        -47        0  3  3 0.18
   54 ZINC00003530 ZINC 2.031e+03   3.87e-35 -47.9    0        0        -47.9      0  3  3 0.24
   57 ZINC00000458 ZINC 2.171e+03   1.97e-35 -41.1    0        0        -41.1      0  3  3 0.22
   56 ZINC00003530 ZINC 1.784e+03   2.06e-35 -41.3    0        0        -41.3     10  3  3 0.14
   59 ZINC00003682 ZINC 1.673e+03   3.42e-35 -49.6    0        0        -49.6      0  3  3 0.29
   58 ZINC00000458 ZINC 2.097e+03   2.38e-35 -39.8    0        0        -39.8      0  3  3 0.46
   61 ZINC00004823 ZINC 2.031e+03   3.4e-35  -52.6    0        0        -52.6      0  3  3 0.37
   60 ZINC00000662 <0>1 1.503e+03   -48.3    -11.7    0        0        -60.1      5  3  3 0.02
   63 ZINC00004823 ZINC 2.022e+03   5.87e-36 -41.2    0        0        -41.2      0  3  3 0.21
   62 ZINC00004823 ZINC 2.030e+03   3.23e-35 -53      0        0        -53        0  3  3 0.39
   65 ZINC00005816 ZINC 2.017e+03   3.73e-35 -49      0        0        -49        0  3  3 0.05
   64 ZINC00004823 ZINC 2.031e+03   1.73e-35 -38.1    0        0        -38.1      0  3  3 0.20
   66 ZINC00005816 ZINC 1.856e+03   2.06e-35 -47.5    0        0        -47.5      0  3  3 0.26
   67 ZINC00001285 UNL1 1.423e+03   -2.13    -28.1    0        0        -30.3      2  3  3 0.18
   68 ZINC00000069 ZINC 1.772e+03   3.87e-35 -48.2    0        0        -48.2      0  3  3 0.29
   70 ZINC00000103 <0>1 1.635e+03   -40      -6.93    0        0        -46.9      0  3  3 0.02
   72 ZINC00001589 ZINC 1.738e+03   2.19e-35 -49.1    0        0        -49.1      0  3  3 0.41
   74 ZINC00009637 ZINC 1.984e+03   3.48e-35 -45.3    0        0        -45.3      0  3  3 0.36
   69 ZINC00000069 ZINC 1.970e+03   3.79e-35 -50.1    0        0        -50.1      0  3  3 0.16
   76 ZINC00009808 ZINC 1.918e+03   3.21e-35 -45.6    0        0        -45.6      0  3  3 0.03
   71 ZINC00000103 <0>1 1.467e+03   -65.3    1.97     0        0        -63.4      3  3  3 0.00
   78 ZINC00009808 ZINC 2.040e+03   2.92e-35 -46.4    0        0        -46.4      0  3  3 0.35
   73 ZINC00009637 ZINC 2.116e+03   3.9e-35  -48.5    0        0        -48.5      0  3  3 0.37
   80 ZINC00000968 ZINC 2.598e+03   6.42e-36 -45.4    0        0        -45.4      0  3  3 0.13
   75 ZINC00009808 ZINC 1.917e+03   3.22e-35 -45.6    0        0        -45.6      0  3  3 0.03
   82 ZINC00001179 ZINC 2.252e+03   2.7e-35  -48.8    0        0        -48.8      0  3  3 0.23
   77 ZINC00009808 ZINC 1.917e+03   2.32e-35 -48.7    0        0        -48.7      0  3  3 0.41
   79 ZINC00000968 ZINC 2.023e+03   1.46e-35 -56.8    0        0        -56.8      0  3  3 0.30
   84 ZINC00001223 ZINC 2.015e+03   3.37e-35 -55.3    0        0        -55.3      0  3  3 0.25
   81 ZINC00001179 ZINC 1.829e+03   2.9e-35  -45      0        0        -45        0  3  3 0.30
   86 ZINC00001708 ZINC 2.371e+03   3.37e-35 -44.8    0        0        -44.8      0  3  3 0.28
   88 ZINC00001940 ZINC 2.318e+03   -4.48e-36 -44.5    0        0        -44.5      0  3  3 0.12
   83 ZINC00001223 ZINC 1.754e+03   1.79e-35 -55.1    0        0        -55.1      0  3  3 0.20
   85 ZINC00001350 ZINC 2.024e+03   2.98e-35 -45.8    0        0        -45.8      0  3  3 0.37
   90 ZINC00001949 ZINC 2.006e+03   3.67e-35 -52.6    0        0        -52.6      0  3  3 0.24
   87 ZINC00001708 ZINC 2.356e+03   1.95e-35 -50.8    0        0        -50.8      0  3  3 0.26
   92 ZINC00001949 ZINC 2.323e+03   4.52e-35 -54.3    0        0        -54.3      0  3  3 0.42
   89 ZINC00001940 ZINC 2.177e+03   3.68e-35 -46.6    0        0        -46.6      0  3  3 0.01
   94 ZINC00001952 ZINC 2.544e+03   3.78e-35 -54.9    0        0        -54.9      0  3  3 0.28
   91 ZINC00001949 ZINC 2.475e+03   3.22e-35 -54      0        0        -54        0  3  3 0.29
   96 ZINC00001959 ZINC 2.238e+03   2.09e-35 -53.6    0        0        -53.6      0  3  3 0.18
   93 ZINC00001949 ZINC 2.162e+03   1.56e-35 -46.5    0        0        -46.5      0  3  3 0.21
   98 ZINC00002020 ZINC 2.371e+03   2.83e-35 -45.9    0        0        -45.9      0  3  3 0.16
   95 ZINC00001952 ZINC 1.911e+03   3.86e-35 -55.4    0        0        -55.4      0  3  3 0.28
  100 ZINC00001460 ZINC 2.203e+03   -2.51e-36 -41      0        0        -41        0  3  3 0.19
  102 ZINC00002115 ZINC 2.160e+03   2.32e-35 -47.9    0        0        -47.9      0  3  3 0.15
   97 ZINC00001959 ZINC 2.356e+03   3.71e-35 -45.2    0        0        -45.2      0  3  3 0.32
  104 ZINC00003285 ZINC 2.343e+03   9.8e-36  -39      0        0        -39        0  3  3 0.30
   99 ZINC00002020 ZINC 2.049e+03   3.14e-35 -53.9    0        0        -53.9      0  3  3 0.31
  101 ZINC00002115 ZINC 2.247e+03   2.17e-35 -43.6    0        0        -43.6      0  3  3 0.13
  106 ZINC00003291 ZINC 2.200e+03   4.19e-35 -52.9    0        0        -52.9      0  3  3 0.16
  103 ZINC00003275 ZINC 2.156e+03   3.52e-35 -40.6    0        0        -40.6      0  3  3 0.04
  108 ZINC00005882 ZINC 2.177e+03   3.28e-35 -56.4    0        0        -56.4      0  3  3 0.29
  105 ZINC00003291 ZINC 2.258e+03   2.65e-35 -47      0        0        -47        0  3  3 0.18
  107 ZINC00004005 ZINC 1.869e+03   2.63e-35 -59.1    0        0        -59.1      0  3  3 0.29
  110 ZINC00007231 ZINC 2.015e+03   2.32e-35 -58.7    0        0        -58.7      0  3  3 0.25
  109 ZINC00007231 ZINC 2.361e+03   4.09e-35 -55.4    0        0        -55.4      0  3  3 0.19
  112 ZINC00007231 ZINC 2.281e+03   3.3e-35  -54.4    0        0        -54.4      0  3  3 0.23
  111 ZINC00007231 ZINC 2.276e+03   4.02e-35 -59.8    0        0        -59.8      0  3  3 0.17
  114 ZINC00008580 ZINC 1.908e+03   3.77e-35 -54.2    0        0        -54.2      0  3  3 0.39
  113 ZINC00008580 ZINC 1.580e+03   5.75e-36 -52.7    0        0        -52.7      0  3  3 0.15
  116 ZINC00009539 ZINC 2.314e+03   4.33e-35 -48.5    0        0        -48.5      0  3  3 0.16
  115 ZINC00009539 ZINC 2.259e+03   4.55e-35 -61.4    0        0        -61.4      0  3  3 0.42
  118 ZINC00009552 ZINC 2.319e+03   3.19e-35 -51.7    0        0        -51.7      0  3  3 0.35
  117 ZINC00009552 ZINC 2.317e+03   2.3e-35  -54.7    0        0        -54.7      0  3  3 0.18
  120 ZINC00009552 ZINC 2.571e+03   4.34e-35 -50.5    0        0        -50.5      0  3  3 0.28
  119 ZINC00009552 ZINC 2.311e+03   -2.99e-36 -52.3    0        0        -52.3      0  3  3 0.21
  122 ZINC00009609 ZINC 2.273e+03   1.48e-35 -47.2    0        0        -47.2      0  3  3 0.33
  121 ZINC00009609 ZINC 2.104e+03   4.22e-35 -56.3    0        0        -56.3      0  3  3 0.23
  124 ZINC00006494 ZINC 1.969e+03   3.17e-35 -52      0        0        -52        0  3  3 0.45
  123 ZINC00006494 ZINC 2.028e+03   2.61e-35 -45      0        0        -45        0  3  3 0.30
  126 ZINC00000557 ZINC 1.978e+03   1.95e-35 -42.6    0        0        -42.6      0  3  3 0.40
  128 ZINC00003697 ZINC 1.961e+03   2.12e-35 -45.9    0        0        -45.9      0  3  3 0.33
  125 ZINC00006521 ZINC 2.147e+03   4.38e-36 -49.2    0        0        -49.2      0  3  3 0.19
  127 ZINC00001702 ZINC 2.046e+03   4.34e-36 -37.1    0        0        -37.1      0  3  3 0.21
  130 ZINC00004052 <0>1 1.195e+03   -42.3    -4.97    0        0        -47.3      9  3  3 0.03
  129 ZINC00004052 <0>1 1.381e+03   -50.1    -11.1    0        0        -61.2      7  3  3 0.35
  132 ZINC00004072 <0>1 1.487e+03   -59.5    0.0387   0        0        -59.4     10  3  3 0.00
  131 ZINC00004056 <0>1 1.318e+03   -54.3    -10.1    0        0        -64.4      0  3  3 0.28
  134 ZINC00004993 ZINC 2.467e+03   2.01e-35 -46.3    0        0        -46.3      0  3  3 0.22
  133 ZINC00004342 <0>1 1.273e+03   -54.4    -9.72    0        0        -64.1      7  3  3 0.26
  136 ZINC00005429 ZINC 2.267e+03   3.39e-35 -47.7    0        0        -47.7      0  3  3 0.57
  138 ZINC00006292 ZINC 2.227e+03   2.28e-35 -43.7    0        0        -43.7      0  3  3 0.13
  135 ZINC00004993 ZINC 2.373e+03   3.43e-35 -39.6    0        0        -39.6      0  3  3 0.14
  140 ZINC00007127 <0>1 1.250e+03   -30.1    -15.1    0        0        -45.2      5  3  3 0.05
  137 ZINC00006284 ZINC 2.160e+03   2.6e-35  -45.7    0        0        -45.7      0  3  3 0.46
  139 ZINC00007127 <0>1 1.265e+03   -17.6    -17      0        0        -34.5      6  3  3 0.30
  142 ZINC00007127 <0>1 1.305e+03   -35.9    -8.38    0        0        -44.3      3  3  3 0.00
  141 ZINC00007127 <0>1 1.231e+03   -32.7    -8.88    0        0        -41.6      7  3  3 0.00
  143 ZINC00009203 <0>1 1.403e+03   -18.6    -13.8    0        0        -32.5      9  3  3 0.01
  144 ZINC00009486 ZINC 2.231e+03   2.76e-35 -46.8    0        0        -46.8      0  3  3 0.43
  145 ZINC00009599 <0>1 1.562e+03   -25.6    -10.9    0        0        -36.6      1  3  3 0.26
  146 ZINC00009781 ZINC 2.312e+03   2.56e-35 -44.5    0        0        -44.5      0  3  3 0.27
  147 ZINC00000884 ZINC 2.116e+03   2.71e-35 -37.6    0        0        -37.6      0  3  3 0.34
  148 ZINC00001703 <0>1 1.164e+03   -37.6    -14.8    0        0        -52.4      6  3  3 0.43
  149 ZINC00001703 <0>1 1.179e+03   -3.21    -25.9    0        0        -29.1      8  3  3 0.41
  150 ZINC00000417 ZINC 2.065e+03   2.58e-35 -44.2    0        0        -44.2      0  3  3 0.51
  151 ZINC00000417 ZINC 2.041e+03   2.68e-35 -47.8    0        0        -47.8      0  3  3 0.48
  152 ZINC00004896 <0>1 1.537e+03   -46.5    -19.5    0        0        -66.1      8  3  3 0.60
  153 ZINC00004896 <0>1 1.624e+03   -24.7    -19.6    0        0        -44.3      5  3  3 0.74
  154 ZINC00004941 <0>1 1.383e+03   -40.6    -20.1    0        0        -60.6     10  3  3 0.58
  155 ZINC00006545 ZINC 2.078e+03   2.57e-35 -42.9    0        0        -42.9      0  3  3 0.33
  156 ZINC00006545 ZINC 1.837e+03   3.23e-35 -31.6    0        0        -31.6     10  3  3 0.11
  157 ZINC00006545 ZINC 1.838e+03   3.24e-35 -31.3    0        0        -31.3      5  3  3 0.24
  158 ZINC00006545 ZINC 1.833e+03   2.12e-35 -33.7    0        0        -33.7      7  3  3 0.19
  159 ZINC00006921 <0>1 1.399e+03   -34.2    -5.09    0        0        -39.2      7  3  3 0.12
  160 ZINC00007346 <0>1 1.529e+03   -29.6    -8.2     0        0        -37.8      3  3  3 0.25
  161 ZINC00007404 ZINC 1.583e+03   1.99e-35 -27.2    0        0        -27.2      8  3  3 0.33
  162 ZINC00007404 ZINC 1.703e+03   2.26e-35 -42.9    0        0        -42.9      0  3  3 0.44
  163 ZINC00007936 UNL1 1.096e+03   -3.03    -18.9    0        0        -21.9      1  3  3 0.33
  164 ZINC00008315 ZINC 1.764e+03   1.58e-35 -36.8    0        0        -36.8      0  3  3 0.47
  165 ZINC00006561 ZINC 1.828e+03   2.14e-36 -29.9    0        0        -29.9      0  3  3 0.15
  166 ZINC00008844 ZINC 1.539e+03   1.84e-35 -38.1    0        0        -38.1      0  3  3 0.54
  167 ZINC00008998 <0>1 1.408e+03   -18.4    -14.5    0        0        -32.8      7  3  3 0.00
  168 ZINC00009146 ZINC 2.396e+03   3.45e-35 -44.8    0        0        -44.8      0  3  3 0.55
  169 ZINC00009168 <0>1 1.133e+03   -34      -19      0        0        -52.9      6  3  3 0.01
  170 ZINC00009168 <0>1 1.233e+03   -37.3    -9.36    0        0        -46.7      3  3  3 0.10
  171 ZINC00009168 <0>1 1.195e+03   -62.9    -8.12    0        0        -71        1  3  3 0.01
  172 ZINC00009168 <0>1 1.199e+03   -53.9    -9.72    0        0        -63.6      7  3  3 0.02
  173 ZINC00009168 <0>1 1.138e+03   -55.5    -4.2     0        0        -59.7      6  3  3 0.03
  175 ZINC00009508 ZINC 1.745e+03   -2.6e-36 -35.3    0        0        -35.3      0  3  3 0.18
  174 ZINC00009223 <0>1 1.441e+03   -46.1    -14.6    0        0        -60.7      6  3  3 0.17
  177 ZINC00000613 <0>1 1.308e+03   -13.1    -23.6    0        0        -36.7      7  3  3 0.37
  176 ZINC00009540 <0>1 1.384e+03   -24.6    -11.3    0        0        -35.9      7  3  3 0.08
  178 ZINC00005702 <0>1 1.439e+03   -33.5    -3.63    0        0        -37.1      7  3  3 0.01
  179 ZINC00002060 ZINC 1.693e+03   3.26e-35 -45.3    0        0        -45.3      0  3  3 0.06
  180 ZINC00003166 ZINC 1.699e+03   2.35e-35 -48.9    0        0        -48.9      0  3  3 0.49
  181 ZINC00003166 ZINC 1.791e+03   2.91e-35 -47.9    0        0        -47.9      0  3  3 0.42
  182 ZINC00003208 ZINC 2.192e+03   3.38e-35 -45.6    0        0        -45.6      0  3  3 0.47
  183 ZINC00003208 ZINC 1.949e+03   2.24e-35 -47.1    0        0        -47.1      0  3  3 0.36
  185 ZINC00000692 ZINC 2.298e+03   3.25e-35 -41.7    0        0        -41.7      0  3  3 0.01
  184 ZINC00000692 ZINC 2.270e+03   1.72e-35 -51.1    0        0        -51.1      0  3  3 0.43
  187 ZINC00004094 ZINC 1.759e+03   2.85e-35 -37.6    0        0        -37.6      0  3  3 0.13
  189 ZINC00000107 UNL1 1.321e+03   -8.43    -20.5    0        0        -29        4  3  3 0.13
  186 ZINC00004094 ZINC 1.918e+03   2.48e-35 -48.4    0        0        -48.4      0  3  3 0.47
  191 ZINC00005482 ZINC 2.160e+03   3.15e-35 -46.7    0        0        -46.7      0  3  3 0.38
  188 ZINC00000107 UNL1 1.317e+03   -8.63    -19.7    0        0        -28.3      2  3  3 0.24
  193 ZINC00005749 ZINC 1.942e+03   -4.73e-37 -47.4    0        0        -47.4      0  3  3 0.26
  190 ZINC00005482 ZINC 2.144e+03   2.91e-35 -44.3    0        0        -44.3      0  3  3 0.55
  195 ZINC00005820 <0>1 1.577e+03   -39.2    -8.54    0        0        -47.7      6  3  3 0.05
  192 ZINC00005749 ZINC 2.022e+03   2.29e-35 -43.3    0        0        -43.3      0  3  3 0.17
  197 ZINC00006459 <0>1 1.572e+03   -31.8    -6.8     0        0        -38.6      3  3  3 0.02
  194 ZINC00005817 ZINC 1.982e+03   2.16e-35 -46      0        0        -46        0  3  3 0.21
  199 ZINC00006497 UNL1 1.308e+03   -7.07    -20.4    0        0        -27.5      0  3  3 0.32
  196 ZINC00001996 ZINC 2.294e+03   1.78e-35 -49.4    0        0        -49.4      0  3  3 0.30
  201 ZINC00006497 <0>1 1.588e+03   -56.7    -7.98    0        0        -64.7      3  3  3 0.10
  198 ZINC00006459 <0>1 1.580e+03   -55.8    -6.33    0        0        -62.1     10  3  3 0.18
  203 ZINC00006500 ZINC 2.052e+03   4.09e-35 -51.7    0        0        -51.7      0  3  3 0.29
  200 ZINC00006497 UNL1 1.468e+03   -0.375   -25.7    0        0        -26.1      3  3  3 0.31
  205 ZINC00006518 <0>1 1.557e+03   -49.8    -4.98    0        0        -54.8      4  3  3 0.24
  202 ZINC00006497 <0>1 1.620e+03   -39.3    -2.57    0        0        -41.9      5  3  3 0.02
  207 ZINC00006518 <0>1 1.635e+03   -50.2    -6.5     0        0        -56.7     10  3  3 0.11
  204 ZINC00006500 ZINC 2.069e+03   3.44e-35 -45.3    0        0        -45.3      0  3  3 0.43
  209 ZINC00006518 <0>1 1.433e+03   -45.2    -10.6    0        0        -55.8     10  3  3 0.23
  206 ZINC00006518 <0>1 1.423e+03   -28      -9.54    0        0        -37.5      2  3  3 0.01
  211 ZINC00006518 <0>1 1.474e+03   -34.7    -3.29    0        0        -38        5  3  3 0.08
  208 ZINC00006518 <0>1 1.578e+03   -31      -8.04    0        0        -39        9  3  3 0.20
  210 ZINC00006518 <0>1 1.438e+03   -24.9    -17.8    0        0        -42.7      6  3  3 0.30
  213 ZINC00006546 <0>1 1.301e+03   -27.2    -10.9    0        0        -38.1      9  3  3 0.24
  212 ZINC00006518 <0>1 1.530e+03   -51.3    -13.6    0        0        -64.9      0  3  3 0.09
  215 ZINC00004853 ZINC 2.228e+03   2.32e-35 -40.6    0        0        -40.6      0  3  3 0.39
  214 ZINC00006546 <0>1 1.263e+03   -38.8    -17.7    0        0        -56.5      9  3  3 0.01
  217 ZINC00005604 ZINC 1.917e+03   2.18e-35 -41.6    0        0        -41.6      0  3  3 0.64
  216 ZINC00005604 ZINC 1.728e+03   1.93e-35 -38.9    0        0        -38.9      0  3  3 0.49
  219 ZINC00005566 <0>1 1.636e+03   -25.9    -14.3    0        0        -40.2      4  3  3 0.26
  218 ZINC00005566 <0>1 1.514e+03   -39.8    -33.2    0        0        -73       10  3  3 0.55
  221 ZINC00007242 ZINC 1.820e+03   2.89e-35 -42.5    0        0        -42.5      0  3  3 0.27
  220 ZINC00007242 ZINC 1.839e+03   3.62e-35 -48.9    0        0        -48.9      0  3  3 0.02
  223 ZINC00000362 <0>1 1.494e+03   -30.3    -5.59    0        0        -35.9      0  3  3 0.02
  222 ZINC00000493 ZINC 1.883e+03   -1.09e-36 -48.9    0        0        -48.9      0  3  3 0.20
  225 ZINC00008523 ZINC 1.939e+03   1.74e-35 -43.4    0        0        -43.4      0  3  3 0.45
  224 ZINC00000362 <0>1 1.446e+03   -71.5    8.41     0        0        -63.1      1  3  3 0.08
  227 ZINC00009130 ZINC 2.010e+03   1.84e-35 -34.3    0        0        -34.3      0  3  3 0.14
  226 ZINC00008523 ZINC 1.983e+03   2.06e-35 -42.3    0        0        -42.3      0  3  3 0.46
  229 ZINC00009270 ZINC 2.166e+03   3.83e-35 -48.2    0        0        -48.2      0  3  3 0.03
  228 ZINC00009270 ZINC 2.096e+03   3.61e-35 -41.5    0        0        -41.5      0  3  3 0.35
  231 ZINC00009622 <0>1 1.286e+03   -54.5    -4.96    0        0        -59.5     10  3  3 0.00
  233 ZINC00009622 <0>1 1.276e+03   -59.7    -2.79    0        0        -62.5      7  3  3 0.01
  230 ZINC00009270 ZINC 2.158e+03   3.81e-35 -48.1    0        0        -48.1      0  3  3 0.02
  235 ZINC00003334 <0>1 1.309e+03   -20.9    -12.7    0        0        -33.6      2  3  3 0.05
  232 ZINC00009622 <0>1 1.380e+03   -7.14    -24.9    0        0        -32.1      9  3  3 0.39
  237 ZINC00006509 UNL1 1.379e+03   -10.2    -17.1    0        0        -27.3      8  3  3 0.05
  234 ZINC00003334 <0>1 1.319e+03   -33.3    -17.8    0        0        -51.1      8  3  3 0.21
  239 ZINC00000014 ZINC 1.883e+03   2.55e-35 -33.7    0        0        -33.7      0  3  3 0.27
  236 ZINC00006509 UNL1 1.358e+03   -2.85    -33.1    0        0        -36        5  3  3 0.53
  241 ZINC00001613 <0>1 1.496e+03   -19.6    -12.1    0        0        -31.7      7  3  3 0.03
  238 ZINC00000014 ZINC 1.736e+03   1.4e-35  -37.7    0        0        -37.7      0  3  3 0.20
  243 ZINC00001928 <0>1 1.358e+03   -45.7    -12.5    0        0        -58.3      2  3  3 0.06
  240 ZINC00001613 <0>1 1.581e+03   -36.6    -13      0        0        -49.6      8  3  3 0.27
  245 ZINC00001928 <0>1 1.331e+03   -61.2    -6.18    0        0        -67.4      7  3  3 0.01
  242 ZINC00001928 <0>1 1.336e+03   -44.5    -12.1    0        0        -56.6      9  3  3 0.16
  247 ZINC00001266 ZINC 1.675e+03   9.24e-36 -50.1    0        0        -50.1      0  3  3 0.28
  244 ZINC00001928 <0>1 1.376e+03   -48.8    -11.3    0        0        -60.1      9  3  3 0.10
  249 ZINC00001212 <0>1 1.299e+03   -30.4    -28      0        0        -58.3      4  3  3 0.29
  246 ZINC00001266 ZINC 1.676e+03   7.18e-36 -48.6    0        0        -48.6      0  3  3 0.07
  251 ZINC00001212 <0>1 1.255e+03   -37.2    -15.7    0        0        -52.9      0  3  3 0.00
  248 ZINC00001212 <0>1 1.292e+03   -10.3    -25.8    0        0        -36.1      9  3  3 0.17
  253 ZINC00002030 ZINC 1.482e+03   2.03e-35 -42      0        0        -42        0  3  3 0.49
  250 ZINC00001212 <0>1 1.364e+03   -51.6    -5.93    0        0        -57.6      1  3  3 0.02
  255 ZINC00002057 <0>1 1.343e+03   -18.2    -13.1    0        0        -31.3      0  3  3 0.06
  252 ZINC00002030 ZINC 1.567e+03   1.84e-35 -41.7    0        0        -41.7      0  3  3 0.39
  257 ZINC00002060 ZINC 1.904e+03   3.29e-35 -48.3    0        0        -48.3      0  3  3 0.09
  254 ZINC00002057 <0>1 1.348e+03   -39.4    -11.7    0        0        -51.1      0  3  3 0.15
  259 ZINC00000673 ZINC 2.361e+03   3.85e-36 -44.9    0        0        -44.9      0  3  3 0.10
  256 ZINC00002057 <0>1 1.323e+03   -42.6    -7.54    0        0        -50.1      0  3  3 0.07
  261 ZINC00003250 <0>1 1.394e+03   -34.1    -20      0        0        -54.1      2  3  3 0.28
  258 ZINC00003048 ZINC 2.386e+03   3.47e-35 -58.1    0        0        -58.1      0  3  3 0.23
  263 ZINC00003535 <0>1 1.408e+03   -26.5    -10.5    0        0        -37        0  3  3 0.18
  265 ZINC00001314 ZINC 2.138e+03   3.03e-35 -53.1    0        0        -53.1      0  3  3 0.60
  260 ZINC00000673 ZINC 2.441e+03   2.82e-35 -41.3    0        0        -41.3      0  3  3 0.17
  267 ZINC00003800 <0>1 1.338e+03   -34      -4.66    0        0        -38.7      0  3  3 0.03
  269 ZINC00004865 ZINC 1.736e+03   1.46e-35 -38      0        0        -38        0  3  3 0.27
  262 ZINC00003535 <0>1 1.379e+03   -45.8    -19.6    0        0        -65.4      3  3  3 0.55
  271 ZINC00004954 <0>1 1.499e+03   -32.1    -7.37    0        0        -39.5     10  3  3 0.14
  264 ZINC00001314 ZINC 1.969e+03   2.95e-35 -44.3    0        0        -44.3      0  3  3 0.33
  273 ZINC00005840 ZINC 2.279e+03   2.06e-35 -47.4    0        0        -47.4      0  3  3 0.32
  266 ZINC00003800 <0>1 1.368e+03   -43.6    -11.3    0        0        -54.9      6  3  3 0.19
  268 ZINC00004865 ZINC 1.764e+03   1.45e-35 -37.6    0        0        -37.6      0  3  3 0.33
  275 ZINC00006494 ZINC 1.873e+03   2.55e-35 -52.2    0        0        -52.2      0  3  3 0.38
  270 ZINC00004954 <0>1 1.525e+03   -37.8    -14.9    0        0        -52.7     10  3  3 0.44
  277 ZINC00006494 ZINC 1.990e+03   1.45e-35 -44.1    0        0        -44.1      0  3  3 0.32
  272 ZINC00005708 ZINC 1.787e+03   2.8e-35  -43.3    0        0        -43.3      0  3  3 0.33
  279 ZINC00006942 ZINC 1.840e+03   2.96e-35 -45.6    0        0        -45.6      0  3  3 0.39
  274 ZINC00006494 ZINC 2.303e+03   1.29e-35 -48.7    0        0        -48.7      0  3  3 0.17
  281 ZINC00007363 ZINC 1.968e+03   2.12e-35 -46.8    0        0        -46.8      0  3  3 0.43
  276 ZINC00006494 ZINC 2.252e+03   -5.64e-36 -37.2    0        0        -37.2      0  3  3 0.08
  283 ZINC00000419 ZINC 2.311e+03   1.81e-35 -47.5    0        0        -47.5      0  3  3 0.21
  278 ZINC00006942 ZINC 1.918e+03   2.52e-35 -39.8    0        0        -39.8      0  3  3 0.37
  285 ZINC00000488 ZINC 2.115e+03   1.96e-35 -47.5    0        0        -47.5      0  3  3 0.16
  280 ZINC00007363 ZINC 1.864e+03   2.68e-35 -44      0        0        -44        0  3  3 0.32
  287 ZINC00008949 ZINC 1.763e+03   1.08e-35 -34.1    0        0        -34.1      0  3  3 0.32
  282 ZINC00007363 ZINC 1.805e+03   2.52e-35 -44.4    0        0        -44.4      0  3  3 0.51
  289 ZINC00009539 ZINC 2.237e+03   3.11e-35 -40.1    0        0        -40.1      0  3  3 0.38
  284 ZINC00000419 ZINC 2.287e+03   3.01e-35 -40.6    0        0        -40.6      0  3  3 0.29
  291 ZINC00009539 ZINC 2.176e+03   2.39e-35 -44.4    0        0        -44.4      0  3  3 0.40
  286 ZINC00000488 ZINC 1.769e+03   3.21e-35 -34.2    0        0        -34.2      4  3  3 0.15
  293 ZINC00009539 ZINC 2.231e+03   2.44e-35 -44.8    0        0        -44.8      0  3  3 0.39
  288 ZINC00008949 ZINC 1.730e+03   5.42e-36 -33.5    0        0        -33.5      0  3  3 0.21
  295 ZINC00009799 <0>1 1.143e+03   -40.5    -12      0        0        -52.6      0  3  3 0.38
  290 ZINC00009539 ZINC 2.178e+03   3.7e-35  -40.8    0        0        -40.8      0  3  3 0.08
  297 ZINC00000664 <0>1 1.318e+03   -58.5    -13.4    0        0        -71.9      2  3  3 0.19
  292 ZINC00009539 ZINC 2.215e+03   3.75e-35 -41.5    0        0        -41.5      0  3  3 0.08
  299 ZINC00001934 <0>1 1.437e+03   -43.5    -15.1    0        0        -58.5     10  3  3 0.29
  294 ZINC00009799 <0>1 1.131e+03   -22.8    -14.3    0        0        -37.1      0  3  3 0.00
  301 ZINC00001955 ZINC 1.984e+03   3.33e-35 -50.5    0        0        -50.5      0  3  3 0.06
  296 ZINC00000506 <0>1 1.594e+03   -49.8    -15.9    0        0        -65.7      1  3  3 0.27
  303 ZINC00001981 <0>1 1.470e+03   -49.2    -9.94    0        0        -59.1     10  3  3 0.04
  298 ZINC00001934 <0>1 1.483e+03   -14.3    -28.8    0        0        -43.1      8  3  3 0.28
  305 ZINC00001976 ZINC 1.649e+03   2.27e-35 -41.4    0        0        -41.4      0  3  3 0.41
  300 ZINC00001955 ZINC 2.253e+03   9.65e-36 -53.9    0        0        -53.9      0  3  3 0.28
  307 ZINC00003635 <0>1 1.272e+03   -26.5    -16.4    0        0        -42.9      5  3  3 0.20
  302 ZINC00001981 <0>1 1.474e+03   -23      -9.79    0        0        -32.8      4  3  3 0.00
  309 ZINC00004424 ZINC 1.984e+03   2.47e-35 -39.7    0        0        -39.7      0  3  3 0.35
  304 ZINC00003265 ZINC 2.332e+03   3.95e-35 -44.4    0        0        -44.4      0  3  3 0.23
  311 ZINC00004902 <0>1 1.125e+03   -25.4    -14.7    0        0        -40.1      5  3  3 0.27
  306 ZINC00001976 ZINC 1.657e+03   3.09e-35 -37.5    0        0        -37.5      0  3  3 0.24
  313 ZINC00006524 ZINC 1.893e+03   8.61e-36 -37.8    0        0        -37.8      0  3  3 0.30
  308 ZINC00003635 <0>1 1.337e+03   -32.2    -14.7    0        0        -46.9      8  3  3 0.00
  315 ZINC00006538 <0>1 1.325e+03   -57      -9.3     0        0        -66.3      6  3  3 0.18
  310 ZINC00004424 ZINC 1.955e+03   2.29e-35 -48.4    0        0        -48.4      0  3  3 0.51
  312 ZINC00006264 ZINC 2.145e+03   3.48e-35 -34.1    0        0        -34.1      0  3  3 0.17
  317 ZINC00006538 <0>1 1.395e+03   -23.7    -16.4    0        0        -40.1      5  3  3 0.00
  314 ZINC00006524 ZINC 1.762e+03   2.03e-35 -43.6    0        0        -43.6      0  3  3 0.28
  319 ZINC00007208 ZINC 2.052e+03   2.81e-35 -44.7    0        0        -44.7      0  3  3 0.48
  316 ZINC00006538 <0>1 1.323e+03   -42      -14.5    0        0        -56.5      9  3  3 0.05
  321 ZINC00007216 ZINC 2.067e+03   1.25e-35 -45.5    0        0        -45.5      0  3  3 0.36
  318 ZINC00006965 <0>1 1.528e+03   -38.9    -17.2    0        0        -56.1      8  3  3 0.47
  323 ZINC00007242 <0>1 1.285e+03   -35.4    -12.9    0        0        -48.3      0  3  3 0.06
  325 ZINC00007748 ZINC 2.027e+03   3.82e-35 -51.3    0        0        -51.3      0  3  3 0.20
  320 ZINC00007212 <0>1 1.318e+03   -20      -13.2    0        0        -33.2      5  3  3 0.22
  322 ZINC00007216 ZINC 2.055e+03   3.64e-35 -57.9    0        0        -57.9      0  3  3 0.28
  327 ZINC00007862 ZINC 2.384e+03   1.46e-35 -51.4    0        0        -51.4      0  3  3 0.08
  329 ZINC00008023 ZINC 1.793e+03   2.7e-35  -48.3    0        0        -48.3      0  3  3 0.29
  331 ZINC00008878 <0>1 1.508e+03   -24.5    -20.4    0        0        -44.9      4  3  3 0.80
  333 ZINC00009165 <0>1 1.429e+03   -34      -15.4    0        0        -49.5      0  3  3 0.24
  335 ZINC00009193 <0>1 1.371e+03   -36.7    -20.1    0        0        -56.8      9  3  3 0.50
  324 ZINC00007242 <0>1 1.261e+03   -50.9    -8.38    0        0        -59.3      8  3  3 0.20
  337 ZINC00009540 <0>1 1.460e+03   -29.4    -6.26    0        0        -35.6      5  3  3 0.02
  326 ZINC00007748 ZINC 2.004e+03   3.71e-35 -49.1    0        0        -49.1      0  3  3 0.20
  339 ZINC00009613 <0>1 1.342e+03   -15.8    -24      0        0        -39.8      6  3  3 0.17
  328 ZINC00007862 ZINC 2.325e+03   3.71e-35 -48.3    0        0        -48.3      0  3  3 0.35
  341 ZINC00009596 ZINC 1.863e+03   3.16e-35 -46      0        0        -46        0  3  3 0.01
  330 ZINC00008878 <0>1 1.456e+03   -40.4    1.43     0        0        -39        0  3  3 0.03
  343 ZINC00009701 ZINC 1.931e+03   1.14e-35 -37.7    0        0        -37.7      0  3  3 0.26
  332 ZINC00009161 <0>1 1.331e+03   -56.1    -11.4    0        0        -67.5      5  3  3 0.24
  345 ZINC00009721 ZINC 2.232e+03   4.11e-35 -56.4    0        0        -56.4      0  3  3 0.49
  334 ZINC00009165 <0>1 1.429e+03   -38.7    -23.6    0        0        -62.4      0  3  3 0.45
  347 ZINC00009721 ZINC 1.985e+03   4e-35    -58.8    0        0        -58.8      0  3  3 0.44
  336 ZINC00009201 ZINC 2.307e+03   3.35e-35 -38.5    0        0        -38.5      0  3  3 0.35
  349 ZINC00001326 ZINC 1.656e+03   3.62e-35 -40.2    0        0        -40.2      0  3  3 0.28
  338 ZINC00009540 <0>1 1.327e+03   -24.1    -10.8    0        0        -34.9      7  3  3 0.02
  351 ZINC00001949 <0>1 1.287e+03   -55.2    -3.73    0        0        -58.9      8  3  3 0.03
  340 ZINC00009613 <0>1 1.391e+03   -47      -12.5    0        0        -59.5     10  3  3 0.06
  353 ZINC00004830 <0>1 1.481e+03   -45.2    -2.7     0        0        -47.9      8  3  3 0.00
  342 ZINC00009701 ZINC 2.402e+03   3.75e-35 -40.2    0        0        -40.2      0  3  3 0.23
  355 ZINC00005165 ZINC 2.048e+03   5.02e-35 -59.6    0        0        -59.6      0  3  3 0.27
  344 ZINC00009721 ZINC 2.002e+03   3.11e-35 -43.8    0        0        -43.8      0  3  3 0.18
  357 ZINC00005324 ZINC 2.407e+03   -6.31e-38 -37.5    0        0        -37.5      0  3  3 0.21
  346 ZINC00009721 ZINC 1.546e+03   3.05e-35 -38.2    0        0        -38.2      8  3  3 0.01
  359 ZINC00006284 ZINC 1.999e+03   2.59e-35 -41.6    0        0        -41.6      0  3  3 0.38
  348 ZINC00009721 ZINC 1.743e+03   2.44e-35 -38.7    0        0        -38.7      5  3  3 0.21
  361 ZINC00006977 <0>1 1.464e+03   -43.4    -18.1    0        0        -61.5      8  3  3 0.02
  350 ZINC00001949 <0>1 1.284e+03   -18.8    -19.7    0        0        -38.5     10  3  3 0.27
  363 ZINC00007174 ZINC 2.026e+03   4.02e-35 -51      0        0        -51        0  3  3 0.16
  352 ZINC00003743 ZINC 2.354e+03   1.95e-35 -43.5    0        0        -43.5      0  3  3 0.21
  365 ZINC00007214 ZINC 2.358e+03   2.21e-35 -51.3    0        0        -51.3      0  3  3 0.21
  354 ZINC00005165 ZINC 2.150e+03   3.15e-35 -50.5    0        0        -50.5      0  3  3 0.44
  367 ZINC00007216 ZINC 2.182e+03   3.04e-35 -48.4    0        0        -48.4      0  3  3 0.47
  356 ZINC00005324 ZINC 2.296e+03   3.07e-35 -42.4    0        0        -42.4      0  3  3 0.25
  369 ZINC00007235 <0>1 1.464e+03   -62.1    -4.19    0        0        -66.3      6  3  3 0.18
  358 ZINC00005324 ZINC 2.344e+03   3.89e-35 -60      0        0        -60        0  3  3 0.59
  360 ZINC00006291 ZINC 2.010e+03   3.58e-35 -37.7    0        0        -37.7      0  3  3 0.08
  371 ZINC00007242 <0>1 1.333e+03   -49.1    -15.7    0        0        -64.8      1  3  3 0.29
  362 ZINC00007174 ZINC 1.847e+03   4.06e-35 -54.4    0        0        -54.4      0  3  3 0.19
  373 ZINC00007242 <0>1 1.348e+03   -50.9    -9.15    0        0        -60.1      0  3  3 0.05
  364 ZINC00007214 ZINC 2.335e+03   3.99e-35 -48.7    0        0        -48.7      0  3  3 0.38
  375 ZINC00007242 ZINC 2.519e+03   2.9e-35  -42.3    0        0        -42.3      0  3  3 0.29
  366 ZINC00007216 ZINC 2.230e+03   3.62e-35 -52.9    0        0        -52.9      0  3  3 0.52
  368 ZINC00007235 <0>1 1.471e+03   -46.4    -5.61    0        0        -52        4  3  3 0.16
  377 ZINC00007734 ZINC 2.050e+03   3.52e-35 -41.4    0        0        -41.4      0  3  3 0.29
  370 ZINC00001956 <0>1 1.249e+03   -38.8    -9.58    0        0        -48.4      3  3  3 0.11
  379 ZINC00007767 <0>1 1.418e+03   -20.3    -17.7    0        0        -38.1      0  3  3 0.13
  372 ZINC00007242 <0>1 1.375e+03   -87.9    3.84     0        0        -84        7  3  3 0.05
  381 ZINC00007767 <0>1 1.487e+03   -38.7    -10      0        0        -48.6      6  3  3 0.12
  374 ZINC00007242 ZINC 2.385e+03   3.31e-35 -52.2    0        0        -52.2      0  3  3 0.37
  383 ZINC00007767 <0>1 1.477e+03   -25.4    -12.3    0        0        -37.7      5  3  3 0.06
  376 ZINC00007243 ZINC 2.373e+03   3.5e-35  -40.8    0        0        -40.8      0  3  3 0.09
  385 ZINC00009141 ZINC 2.424e+03   4.97e-35 -56.8    0        0        -56.8      0  3  3 0.32
  387 ZINC00009141 ZINC 2.387e+03   4.95e-35 -56.8    0        0        -56.8      0  3  3 0.45
  378 ZINC00007734 ZINC 2.079e+03   4.56e-36 -42.4    0        0        -42.4      0  3  3 0.12
  389 ZINC00009184 ZINC 1.902e+03   3.4e-35  -51.9    0        0        -51.9      0  3  3 0.48
  380 ZINC00007767 <0>1 1.474e+03   -44.6    -13.6    0        0        -58.3      7  3  3 0.07
  391 ZINC00009536 <0>1 1.479e+03   -34.5    -11.9    0        0        -46.4      6  3  3 0.01
  382 ZINC00007767 <0>1 1.479e+03   -33.9    -10.6    0        0        -44.5      9  3  3 0.12
  393 ZINC00009712 <0>1 1.211e+03   -16.5    -26.2    0        0        -42.7      8  3  3 0.48
  384 ZINC00008973 ZINC 1.782e+03   1.82e-35 -48.2    0        0        -48.2      0  3  3 0.31
  395 ZINC00000328 ZINC 2.220e+03   3.35e-35 -42.3    0        0        -42.3      0  3  3 0.15
  386 ZINC00009141 ZINC 2.556e+03   4.88e-35 -61.2    0        0        -61.2      0  3  3 0.48
  388 ZINC00009184 ZINC 1.936e+03   3.44e-35 -53.2    0        0        -53.2      0  3  3 0.46
  397 ZINC00000884 ZINC 2.130e+03   3.22e-35 -53.7    0        0        -53.7      0  3  3 0.30
  390 ZINC00009291 ZINC 2.013e+03   2.36e-35 -41.8    0        0        -41.8      0  3  3 0.36
  399 ZINC00001258 ZINC 2.066e+03   4.31e-36 -39.5    0        0        -39.5      0  3  3 0.26
  392 ZINC00009536 <0>1 1.424e+03   -48.2    -17.7    0        0        -65.9      6  3  3 0.17
  401 ZINC00000954 ZINC 2.364e+03   3.06e-35 -52.6    0        0        -52.6      0  3  3 0.46
  394 ZINC00009712 <0>1 1.209e+03   -25.8    -8.45    0        0        -34.3      4  3  3 0.02
  403 ZINC00001254 ZINC 2.274e+03   2.92e-35 -50.4    0        0        -50.4      0  3  3 0.21
  396 ZINC00000328 ZINC 2.015e+03   2.8e-35  -39.3    0        0        -39.3      0  3  3 0.03
  398 ZINC00000884 ZINC 1.768e+03   3.41e-35 -53.5    0        0        -53.5      0  3  3 0.33
  400 ZINC00001258 ZINC 2.337e+03   5.35e-36 -45.2    0        0        -45.2      0  3  3 0.20
  402 ZINC00000954 ZINC 2.066e+03   3.75e-35 -49.1    0        0        -49.1      0  3  3 0.03
****************************************************************************************************
Min Status:
    Failure = -1, Out of memory = -3, Roundoff limited = -4, Forced stop = -5,
    Stopval reached = 2, Ftol reached = 3, Xtol reached = 4, Maxeval reached=5, Maxtime reached=6
****************************************************************************************************
 Docking computations took 241 minute(s)
****************************************************************************************************
Finishing McLibela...
****************************************************************************************************
