****************************************************************************************************
****************************************************************************************************
*                  MCLiBELa - Monte Carlo-based Ligand Binding Energy Landscape                    *
*                                      Version 0.1  - Build   201                                  *
*                                                                                                  *
* University of Sao Paulo                                                                          *
* More Info:                                                                                       *
*      http://www.biotechmol.ifsc.usp.br                                                           *
*                                                                                                  *
****************************************************************************************************
****************************************************************************************************
*                                                                                                  *
* mode                           Docking                                                           *
* dock_parallel                  1                                                                 *
* parallel_jobs                  20                                                                *
*                                                                                                  *
* rec_mol2                       ../../ampc_rec.mol2.gz                                            *
* lig_mol2                       ../../ampc_xtallig.mol2.gz                                        *
* reflig_mol2                    ../../ampc_xtallig.mol2.gz                                        *
* multifile                      ./multimol.dat                                                    *
* mol2_aa                        0                                                                 *
*                                                                                                  *
* scoring function               Amber FF                                                          *
* dielectric_model               r                                                                 *
* diel                           1.000                                                             *
* sigma                          3.500                                                             *
* solvation_alpha                0.250                                                             *
* solvation_beta                 -0.005                                                            *
* use grids?                     1                                                                 *
* grid spacing                   0.30                                                              *
* grid box                       30.00                 30.00                 30.00                 *
* write grids                    McGrid                                                            *
*                                                                                                  *
* only_score                     0                                                                 *
* search_box                     12.00                 12.00                 12.00                 *
* minimization_tolerance         0.0000010000                                                      *
* minimization_delta             0.0000010000                                                      *
* dock_min_tol                   0.0000010000                                                      *
* minimization_timeout           30                                                                *
* sort_by_energy                 0                                                                 *
* elec_scale                     1.00                                                              *
* vdw_scale                      1.00                                                              *
* overlay_optimizer              ln_auglag                                                         *
* energy_optimizer               direct                                                            *
* ignore_h                       0                                                                 *
* deal                           0                                                                 *
*                                                                                                  *
* generate_conformers            1                                                                 *
* number_of_conformers           10                                                                *
* conformers_to_rank             1                                                                 *
* conformer_generator            GA                                                                *
*                                                                                                  *
* output_prefix                  AMPC_FDA                                                          *
* write_mol2                     1                                                                 *
*                                                                                                  *
****************************************************************************************************
****************************************************************************************************
Original Binding Energy: -91.3091 kcal/mol
Center of computation box: 79.90 5.43 30.00
Generating energy grids. It can take a couple of minutes. Coffee time maybe ?
Computed energy grids with 100 x 100 x 100 points spaced by 0.300 Angstroms in each directon.
Grid Origin:   64.90237   -9.56781   14.99589.
Grid computation took 444 seconds.
Original Grid energy: -88.7892 kcal/mol.
Energy error = 2.7598%.
****************************************************************************************************
    # Ligand       Resi Overlay    Elec     VDW      Rec_Solv Lig_Solv Energy   Con MS    SI
****************************************************************************************************
Running Dock mode in parallel with up to 20 threads...
   19 ZINC00000000 ZINC 1.452e+03   -40.1    0.207    0        0        -39.9      7  3  3 0.26
    6 ZINC00000392 <0>1 1.295e+03   -57.3    -5.69    0        0        -63       10  3  3 0.04
   16 ZINC00000379 <0>1 1.294e+03   -30.2    0.229    0        0        -29.9      6  3  3 0.02
   14 ZINC00002244 ZINC 1.556e+03   -41.4    -10.6    0        0        -52        6  3  3 0.00
    8 ZINC00001959 ZINC 1.284e+03   -53.7    -9.72    0        0        -63.5      5  3  3 0.00
   18 ZINC00009561 ZINC 1.343e+03   -18.3    -21.2    0        0        -39.5     10  3  3 0.06
    9 ZINC00000409 ZINC 1.516e+03   -37.5    -5.25    0        0        -42.7     10  3  3 0.20
    1 ZINC00000153 <0>1 8.253e+02   -55.8    -8.64    0        0        -64.4      1  3  3 0.00
   13 ZINC00010007 ZINC 1.461e+03   -52.8    -27.7    0        0        -80.5      3  3  3 0.45
    7 ZINC00000005 ZINC 1.159e+03   -17.3    -16.7    0        0        -34        0  3  3 0.32
    2 ZINC00010001 ZINC 1.387e+03   -16.6    -11.4    0        0        -28        4  3  3 0.17
    4 ZINC00000008 <0>1 1.109e+03   -46.3    -7.73    0        0        -54.1      4  3  3 0.00
    3 ZINC00000447 ZINC 1.366e+03   0.183    -23.7    0        0        -23.5      0  3  3 0.37
   11 ZINC00000383 ZINC 1.448e+03   -34.1    -13.6    0        0        -47.7      9  3  3 0.02
    5 ZINC00000409 ZINC 1.427e+03   -18.7    -8.61    0        0        -27.4     10  3  3 0.03
   20 ZINC00001605 ZINC 1.522e+03   -71.2    -10.4    0        0        -81.6      0  3  3 0.02
   10 ZINC00000382 <0>1 1.368e+03   -38.3    -14.9    0        0        -53.2      0  3  3 0.10
   39 ZINC00000000 <0>1 1.143e+03   -34.8    -1.75    0        0        -36.6      2  3  3 0.01
   17 ZINC00009561 ZINC 1.334e+03   -23.9    -9       0        0        -32.9      1  3  3 0.05
   26 ZINC00009561 ZINC 1.459e+03   -37.8    -3.77    0        0        -41.6      1  3  3 0.01
   34 ZINC00000001 ZINC 1.181e+03   -53      -9.93    0        0        -62.9      5  3  3 0.20
   12 ZINC00000053 ZINC 1.550e+03   -54.2    -16.8    0        0        -70.9     10  3  3 0.09
   36 ZINC00000060 <0>1 1.244e+03   -47.8    -11.6    0        0        -59.4      9  3  3 0.37
   28 ZINC00000380 ZINC 1.773e+03   -58.4    -12.3    0        0        -70.7      7  3  3 0.08
   38 ZINC00010001 ZINC 1.275e+03   -42.3    -6.95    0        0        -49.2     10  3  3 0.24
   24 ZINC00003467 <0>1 5.902e+02   -63.1    -1.82    0        0        -65        0  3  3 0.24
   31 ZINC00000000 <0>1 1.087e+03   -14.2    -11.7    0        0        -25.9     10  3  3 0.02
   22 ZINC00000380 <0>1 1.372e+03   -39.9    -7.47    0        0        -47.3      1  3  3 0.04
   27 ZINC00001804 <0>1 8.857e+02   -38.2    -3.4     0        0        -41.6      0  3  3 0.04
   29 ZINC00000153 ZINC 1.435e+03   -42.7    -11.1    0        0        -53.8     10  3  3 0.02
   23 ZINC00000000 <0>1 1.079e+03   -25.2    -10.8    0        0        -36        0  3  3 0.62
   40 ZINC00000388 ZINC 1.339e+03   -28.5    -13.2    0        0        -41.6      0  3  3 0.23
   15 ZINC00000096 <0>1 1.119e+03   -34.7    -13.7    0        0        -48.4      7  3  3 0.49
   30 ZINC00000002 ZINC 1.210e+03   -63.9    -0.234   0        0        -64.2      7  3  3 0.00
   25 ZINC00000409 ZINC 1.085e+03   -52.8    -17.7    0        0        -70.5      1  3  3 0.12
   33 ZINC00015033 ZINC 1.430e+03   -81.1    -22.4    0        0        -104       9  3  3 0.01
   59 ZINC00000000 <0>1 1.249e+03   -14.9    -6.91    0        0        -21.8      9  3  3 0.04
   37 ZINC00000153 ZINC 1.332e+03   -25.5    -15.6    0        0        -41.1      8  3  3 0.01
   46 ZINC00000153 ZINC 1.274e+03   -65.6    -10      0        0        -75.6      3  3  3 0.24
   54 ZINC00000005 <0>1 1.194e+03   -34.6    -2.03    0        0        -36.6      9  3  3 0.00
   56 ZINC00000060 ZINC 1.657e+03   -52.2    -1.24    0        0        -53.5      2  3  3 0.03
   32 ZINC00001354 ZINC 1.264e+03   -24.6    -12      0        0        -36.6      7  3  3 0.21
   48 ZINC00000096 ZINC 1.131e+03   -41.8    -10.4    0        0        -52.2      0  3  3 0.03
   58 ZINC00001979 <0>1 1.339e+03   -24.6    -8.87    0        0        -33.5     10  3  3 0.00
   47 ZINC00000000 ZINC 1.201e+03   -40.5    -4.17    0        0        -44.7      0  3  3 0.00
   42 ZINC00009561 ZINC 1.385e+03   -55.3    -2.06    0        0        -57.4      9  3  3 0.00
   44 ZINC00000422 <0>1 1.342e+03   -44.4    -22.1    0        0        -66.5      4  3  3 0.68
   51 ZINC00000062 <0>1 1.469e+03   -14.4    -18.1    0        0        -32.5      0  3  3 0.07
   60 ZINC00000002 <0>1 1.260e+03   -53.3    -6.99    0        0        -60.3      1  3  3 0.06
   49 ZINC00002823 ZINC 1.526e+03   -43.4    -15.8    0        0        -59.1      0  3  3 0.05
   53 ZINC00000252 ZINC 1.171e+03   -46.7    -7.12    0        0        -53.8      7  3  3 0.00
   35 ZINC00000040 ZINC 1.218e+03   -57.1    -4.36    0        0        -61.5      0  3  3 0.02
   45 ZINC00000000 ZINC 1.278e+03   -46.2    -14.5    0        0        -60.6      8  3  3 0.04
   57 ZINC00001329 ZINC 7.722e+02   -36.2    -0.29    0        0        -36.5      1  3  3 0.02
   79 ZINC00008543 ZINC 1.774e+03   -32.6    -18.8    0        0        -51.4      0  3  3 0.00
   74 ZINC00000810 <0>1 7.603e+02   -157     7.9      0        0        -149       2  3  3 0.14
   66 ZINC00000360 ZINC 1.247e+03   -37.7    -6.29    0        0        -44        6  3  3 0.00
   52 ZINC00000378 <0>1 1.103e+03   -66.6    3.9      0        0        -62.7      9  3  3 0.00
   76 ZINC00001936 <0>1 1.264e+03   -13.2    -14.9    0        0        -28        5  3  3 0.13
   68 ZINC00000153 <0>1 1.468e+03   -10.8    -21.4    0        0        -32.2      4  3  3 0.57
   43 ZINC00000253 <0>1 1.335e+03   -32.4    -7.33    0        0        -39.8      9  3  3 0.09
   78 ZINC00001936 ZINC 1.325e+03   -41.7    -5.29    0        0        -47        1  3  3 0.00
   64 ZINC00000383 <0>1 1.022e+03   -66.7    -2.92    0        0        -69.6      0  3  3 0.00
   71 ZINC00001714 ZINC 1.129e+03   -32.5    -2.3     0        0        -34.8      7  3  3 0.00
   50 ZINC00004978 ZINC 1.698e+03   -21      -30.9    0        0        -51.9      6  3  3 0.16
   80 ZINC00000002 ZINC 1.284e+03   -58.2    -3.78    0        0        -62        1  3  3 0.04
   69 ZINC00000446 ZINC 1.506e+03   -47.6    -15      0        0        -62.5      2  3  3 0.24
   62 ZINC00015033 ZINC 1.408e+03   1e+06    -24.5    0        0        1e+06      2  3  3 0.12
   67 ZINC00000153 <0>1 1.237e+03   -45.2    -15.6    0        0        -60.8      1  3  3 0.00
   55 ZINC00000384 ZINC 1.308e+03   -24.8    -12.9    0        0        -37.7      0  3  3 0.19
   65 ZINC00000199 ZINC 1.230e+03   -33      -4.79    0        0        -37.8      4  3  3 0.00
   73 ZINC00000153 ZINC 1.225e+03   -38      -3.62    0        0        -41.6      5  3  3 0.01
   99 ZINC00000398 ZINC 1.520e+03   -25.4    -16      0        0        -41.4      0  3  3 0.03
   86 ZINC00000153 ZINC 8.844e+02   -15.7    -8.98    0        0        -24.7      2  3  3 0.44
   77 ZINC00001936 <0>1 1.323e+03   -34.5    -13.8    0        0        -48.3      7  3  3 0.02
   72 ZINC00000060 ZINC 1.515e+03   -44      -3.79    0        0        -47.8      2  3  3 0.01
   96 ZINC00000002 ZINC 1.387e+03   -52.6    -3.41    0        0        -56        0  3  3 0.09
   88 ZINC00008440 ZINC 1.468e+03   -21.4    -21.3    0        0        -42.7      8  3  3 0.10
   94 ZINC00000053 ZINC 1.264e+03   -17.7    -17.6    0        0        -35.2      3  3  3 0.18
   98 ZINC00000387 ZINC 1.064e+03   -34.9    -5.36    0        0        -40.2      2  3  3 0.00
   70 ZINC00000381 ZINC 1.137e+03   -39.6    -6.72    0        0        -46.3      4  3  3 0.07
   21 ZINC00000380 <0>1 1.380e+03   -20.5    -10.4    0        0        -30.9      0  3  3 0.14
   84 ZINC00000153 ZINC 1.285e+03   -28.7    -6.15    0        0        -34.8      2  3  3 0.00
   82 ZINC00000089 ZINC 1.076e+03   -28.7    0.763    0        0        -27.9      0  3  3 0.00
  100 ZINC00000000 ZINC 1.457e+03   -59.8    -4.48    0        0        -64.3      8  3  3 0.00
   75 ZINC00000464 <0>1 8.842e+02   -33.9    -5.15    0        0        -39        2  3  3 0.00
   89 ZINC00001920 ZINC 1.409e+03   -51.9    -9.73    0        0        -61.7      3  3  3 0.13
   87 ZINC00000447 ZINC 1.212e+03   -71.9    -10.3    0        0        -82.1      0  3  3 0.38
   91 ZINC00000153 ZINC 1.336e+03   -19.4    -14.5    0        0        -33.9      2  3  3 0.16
   93 ZINC00000216 ZINC 1.227e+03   -28.2    -11.5    0        0        -39.7      8  3  3 0.16
   85 ZINC00000397 UNL1 1.568e+03   -162     12.1     0        0        -150       0  3  3 0.00
   63 ZINC00000153 ZINC 1.293e+03   -45.2    -5.24    0        0        -50.4      5  3  3 0.19
  119 ZINC00000380 <0>1 1.413e+03   -47.5    -27      0        0        -74.5      6  3  3 0.23
   97 ZINC00005295 ZINC 1.650e+03   -20.9    -20.2    0        0        -41        9  3  3 0.13
  106 ZINC00000393 ZINC 1.466e+03   -11.6    -26.8    0        0        -38.4      7  3  3 0.10
   92 ZINC00000153 ZINC 1.345e+03   -30.8    -19.9    0        0        -50.7      4  3  3 0.13
  116 ZINC00000199 <0>1 1.174e+03   -35.9    -5.27    0        0        -41.2      0  3  3 0.04
  108 ZINC00000383 ZINC 1.359e+03   -44.3    -15.2    0        0        -59.6      4  3  3 0.10
  114 ZINC00000000 ZINC 1.241e+03   -43.7    -2.86    0        0        -46.6      4  3  3 0.03
  118 ZINC00000153 ZINC 1.308e+03   -36.7    -11.7    0        0        -48.4      4  3  3 0.18
   90 ZINC00000000 ZINC 7.097e+02   -63.7    -1.5     0        0        -65.2      0  3  3 0.45
   41 ZINC00000638 <0>1 8.548e+02   -52.5    -0.319   0        0        -52.8      1  3  3 0.03
  104 ZINC00000000 ZINC 1.216e+03   -29      -0.932   0        0        -30        0  3  3 0.01
  102 ZINC00000153 ZINC 1.443e+03   -157     1.7      0        0        -155       7  3  3 0.56
   95 ZINC00000387 ZINC 1.479e+03   -42.9    -16.1    0        0        -58.9     10  3  3 0.26
  109 ZINC00000469 <0>1 1.418e+03   -19.9    -13      0        0        -32.9     10  3  3 0.00
  107 ZINC00000096 ZINC 1.324e+03   -44.6    -11      0        0        -55.6      3  3  3 0.16
  111 ZINC00002198 ZINC 1.460e+03   -115     -15.4    0        0        -130       1  3  3 0.11
  105 ZINC00008520 ZINC 1.351e+03   -16.4    -9.88    0        0        -26.3      0  3  3 0.20
  120 ZINC00000383 <0>1 9.479e+02   -51      -10.1    0        0        -61.1      0  3  3 0.24
   83 ZINC00000153 ZINC 1.496e+03   -55.3    -1.62    0        0        -57       10  3  3 0.03
  126 ZINC00001941 <0>1 1.319e+03   -151     -6.98    0        0        -158       9  3  3 0.27
  117 ZINC00000930 ZINC 1.354e+03   -55.6    -9.54    0        0        -65.2      8  3  3 0.32
  136 ZINC00000803 <0>1 4.353e+02   -49.9    0.916    0        0        -48.9      2  3  3 0.00
  113 ZINC00003396 ZINC 1.388e+03   -99.8    -3.96    0        0        -104       8  3  3 0.02
  112 ZINC00003396 ZINC 1.363e+03   -93.2    -16      0        0        -109       0  3  3 0.26
  138 ZINC00000153 ZINC 1.348e+03   -83      2.77     0        0        -80.2      2  3  3 0.00
  134 ZINC00000000 ZINC 1.153e+03   -21.6    -10.7    0        0        -32.4      3  3  3 0.06
  110 ZINC00000000 ZINC 1.062e+03   -7.36    -19.7    0        0        -27.1      1  3  3 0.56
  128 ZINC00000409 ZINC 1.467e+03   -36.8    -28.8    0        0        -65.6      6  3  3 0.14
  139 ZINC00001476 ZINC 1.414e+03   -14      -13.9    0        0        -27.9      2  3  3 0.06
   61 ZINC00000379 ZINC 1.110e+03   -66.8    -4.09    0        0        -70.9      4  3  3 0.29
  124 ZINC00000002 UNL1 1.221e+03   -252     32.1     0        0        -219       0  3  3 0.00
  115 ZINC00000000 ZINC 1.415e+03   -38.7    -25.2    0        0        -64        0  3  3 0.76
  122 ZINC00000393 ZINC 1.595e+03   -18.1    -20.1    0        0        -38.2      8  3  3 0.24
  131 ZINC00000000 <0>1 1.105e+03   -46.1    -5.73    0        0        -51.8      9  3  3 0.00
  127 ZINC00000000 ZINC 1.189e+03   -25.8    -4.81    0        0        -30.6      5  3  3 0.01
  129 ZINC00000153 ZINC 1.286e+03   -9.55    -19.9    0        0        -29.4      3  3  3 0.34
  125 ZINC00001941 <0>1 1.302e+03   -130     -12.8    0        0        -143       1  3  3 0.38
  103 ZINC00000000 ZINC 1.199e+03   -35.4    -11.8    0        0        -47.3      0  3  3 0.01
  140 ZINC00000153 ZINC 1.381e+03   -55      -4.94    0        0        -60        4  3  3 0.03
  132 ZINC00000153 ZINC 8.578e+02   -105     -2.56    0        0        -107       3  3  3 0.52
  156 ZINC00000000 ZINC 1.328e+03   -16.8    -15.4    0        0        -32.2      0  3  3 0.16
  158 ZINC00000000 ZINC 1.260e+03   -27.5    -10.2    0        0        -37.7      1  3  3 0.05
  154 ZINC00000000 <0>1 1.231e+03   -36.9    -10.8    0        0        -47.6      0  3  3 0.00
  130 ZINC00000000 <0>1 1.072e+03   -43.4    -9.93    0        0        -53.4     10  3  3 0.00
  133 ZINC00001941 ZINC 1.345e+03   -48.8    -5       0        0        -53.8      6  3  3 0.01
  144 ZINC00001359 ZINC 1.268e+03   -22.7    -18.8    0        0        -41.4      0  3  3 0.06
  159 ZINC00000015 ZINC 1.281e+03   -6.72    -17.8    0        0        -24.5      6  3  3 0.28
  137 ZINC00000383 ZINC 1.246e+03   -5.1     -25.9    0        0        -31        6  3  3 0.05
  135 ZINC00000381 <0>1 1.633e+03   -48.6    -9.29    0        0        -57.9      0  3  3 0.00
  147 ZINC00000000 ZINC 1.223e+03   -36.2    -10.6    0        0        -46.8      2  3  3 0.58
  142 ZINC00000153 ZINC 1.449e+03   -84.7    3.27     0        0        -81.5     10  3  3 0.06
  146 ZINC00000007 ZINC 1.376e+03   -24.5    -10.4    0        0        -34.9      7  3  3 0.09
  145 ZINC00000000 ZINC 1.136e+03   -62.3    5.69     0        0        -56.6     10  3  3 0.00
  148 ZINC00000131 <0>1 1.630e+03   -33.5    -17.5    0        0        -51        0  3  3 0.01
  123 ZINC00000380 ZINC 1.516e+03   -83.2    -6.56    0        0        -89.7      6  3  3 0.07
  160 ZINC00000379 <0>1 1.093e+03   -50.6    -14.9    0        0        -65.5      7  3  3 0.27
  178 ZINC00000377 ZINC 1.068e+03   -44.1    -3.65    0        0        -47.8      0  3  3 0.00
  174 ZINC00000522 <0>1 4.744e+02   -27.7    -2.45    0        0        -30.2      0  3  3 0.33
  150 ZINC00000153 <0>1 1.288e+03   -50.9    -5.7     0        0        -56.6      0  3  3 0.13
  153 ZINC00000000 <0>1 1.251e+03   -26      -4.93    0        0        -31        0  3  3 0.00
   81 ZINC00000040 ZINC 1.192e+03   -61.8    3.29     0        0        -58.5      0  3  3 0.00
  164 ZINC00000000 <0>1 1.194e+03   -34.2    -10.5    0        0        -44.8      7  3  3 0.02
  176 ZINC00000417 <0>1 1.413e+03   -44.3    -3.34    0        0        -47.7      4  3  3 0.01
  152 ZINC00000000 ZINC 1.391e+03   -55.4    -8.36    0        0        -63.8     10  3  3 0.12
  179 ZINC00000153 ZINC 1.298e+03   -53.6    -16.2    0        0        -69.8     10  3  3 0.16
  151 ZINC00000153 <0>1 1.250e+03   -26.8    -8.84    0        0        -35.6      8  3  3 0.21
  155 ZINC00000015 <0>1 1.268e+03   -27.1    -5.47    0        0        -32.6      5  3  3 0.04
  149 ZINC00010002 ZINC 1.500e+03   -29.1    -27.1    0        0        -56.2      9  3  3 0.04
  157 ZINC00000089 <0>1 1.276e+03   -39.3    -12.2    0        0        -51.5     10  3  3 0.19
  167 ZINC00000064 <0>1 1.417e+03   -21.3    -14.1    0        0        -35.5      9  3  3 0.05
  166 ZINC00000153 <0>1 1.247e+03   -40.3    -1.64    0        0        -42        7  3  3 0.02
  165 ZINC00000089 <0>1 1.364e+03   -14.6    -16.8    0        0        -31.4      4  3  3 0.01
  162 ZINC00000089 ZINC 1.288e+03   -18.3    -21.5    0        0        -39.8      9  3  3 0.16
  168 ZINC00002205 <0>1 1.011e+03   -47.1    -8.51    0        0        -55.6      4  3  3 0.01
  143 ZINC00010001 ZINC 1.319e+03   -36      -9.94    0        0        -46        4  3  3 0.21
  198 ZINC00000387 ZINC 1.358e+03   -30.6    -5.73    0        0        -36.4      0  3  3 0.05
  180 ZINC00000059 <0>1 1.290e+03   -45.2    -6.06    0        0        -51.3      5  3  3 0.05
  170 ZINC00000000 <0>1 1.052e+03   -61.4    5.59     0        0        -55.8      8  3  3 0.00
  173 ZINC00000153 ZINC 1.280e+03   -80.9    -1.97    0        0        -82.9      5  3  3 0.11
  194 ZINC00000386 ZINC 1.452e+03   -7.8     -22.9    0        0        -30.7      0  3  3 0.33
  172 ZINC00000383 ZINC 1.159e+03   -199     5.73     0        0        -193       8  3  3 0.60
  184 ZINC00000153 ZINC 1.348e+03   -49.6    -4.27    0        0        -53.9      7  3  3 0.00
  199 ZINC00000089 ZINC 1.283e+03   -47.5    -6.36    0        0        -53.9      9  3  3 0.00
  196 ZINC00000038 ZINC 1.380e+03   -48.7    -11.5    0        0        -60.2      1  3  3 0.06
  171 ZINC00000392 ZINC 1.538e+03   -82.2    -0.66    0        0        -82.8      8  3  3 0.00
  101 ZINC00001851 ZINC 1.341e+03   -44.6    -10.9    0        0        -55.6      7  3  3 0.00
  175 ZINC00000188 ZINC 1.323e+03   -61.4    3.95     0        0        -57.5      3  3  3 0.00
  177 ZINC00000060 ZINC 1.281e+03   -23.4    -15.4    0        0        -38.8      8  3  3 0.13
  169 ZINC00000058 <0>1 1.262e+03   -16.6    -14.3    0        0        -30.9      3  3  3 0.25
  186 ZINC00000383 ZINC 1.451e+03   -78.2    -9.17    0        0        -87.4      9  3  3 0.04
  185 ZINC00000053 ZINC 1.236e+03   -55      -16.6    0        0        -71.6      0  3  3 0.16
  163 ZINC00000089 ZINC 1.379e+03   -49.5    -4.06    0        0        -53.5      4  3  3 0.03
  182 ZINC00000053 ZINC 1.571e+03   -23.7    -16      0        0        -39.8      6  3  3 0.11
  218 ZINC00000148 ZINC 1.335e+03   -78.2    -15.7    0        0        -93.9     10  3  3 0.28
  193 ZINC00000015 ZINC 1.183e+03   -55.5    -7.91    0        0        -63.4     10  3  3 0.01
  214 ZINC00000421 ZINC 1.291e+03   -51.5    -12.1    0        0        -63.6      3  3  3 0.06
  200 ZINC00000005 ZINC 1.054e+03   -61.6    4.79     0        0        -56.9      7  3  3 0.04
  204 ZINC00025267 <0>1 1.189e+03   -14.7    -20.3    0        0        -35        4  3  3 0.09
  190 ZINC00000053 ZINC 1.176e+03   -52.9    -17.6    0        0        -70.6      0  3  3 0.31
  191 ZINC00000053 ZINC 1.253e+03   -52.5    -20.6    0        0        -73.2      0  3  3 0.39
  216 ZINC00000393 ZINC 1.468e+03   -15.4    -13.7    0        0        -29.1      4  3  3 0.21
  121 ZINC00000060 <0>1 1.462e+03   -34.7    -8.87    0        0        -43.5      1  3  3 0.04
  197 ZINC00000387 ZINC 1.298e+03   -68.7    4.1      0        0        -64.6      0  3  3 0.00
  189 ZINC00000005 ZINC 1.154e+03   -53.5    -9.33    0        0        -62.9      0  3  3 0.12
  195 ZINC00000153 ZINC 1.207e+03   -19.4    -12.7    0        0        -32.1      5  3  3 0.21
  187 ZINC00000447 <0>1 1.237e+03   -85      1.49     0        0        -83.5      5  3  3 0.04
  192 ZINC00000409 ZINC 1.429e+03   -9.42    -24.1    0        0        -33.5      4  3  3 0.06
  219 ZINC00000154 <0>1 1.391e+03   -65      -2.65    0        0        -67.6      5  3  3 0.01
  183 ZINC00009545 ZINC 1.264e+03   -56.8    -1.49    0        0        -58.3      4  3  3 0.00
  238 ZINC00000038 <0>1 7.265e+02   -76.6    3.33     0        0        -73.2      6  3  3 0.00
  213 ZINC00000387 ZINC 1.435e+03   -91.7    -12.2    0        0        -104       1  3  3 0.24
  202 ZINC00000000 <0>1 1.175e+03   -26.6    -13.3    0        0        -39.9     10  3  3 0.03
  224 ZINC00000090 ZINC 4.426e+02   -9.91    -4.18    0        0        -14.1      0  3  3 0.32
  234 ZINC00004345 ZINC 1.543e+03   -45.8    -7.95    0        0        -53.8      6  3  3 0.01
  210 ZINC00000682 <0>1 3.766e+02   -29.9    3.38     0        0        -26.6      1  3  3 0.15
  211 ZINC00000392 <0>1 1.466e+03   -17.6    -17.9    0        0        -35.5      0  3  3 0.28
  220 ZINC00000153 ZINC 1.323e+03   -26.8    -13.8    0        0        -40.6      5  3  3 0.00
  141 ZINC00000153 ZINC 1.418e+03   -108     -13.8    0        0        -122       8  3  3 0.59
  236 ZINC00000001 <0>1 1.211e+03   -18.8    -11.6    0        0        -30.4      6  3  3 0.31
  207 ZINC00000148 ZINC 1.051e+03   -54.3    -3.97    0        0        -58.3      0  3  3 0.01
  209 ZINC00000383 ZINC 1.512e+03   -53.7    -13.8    0        0        -67.4      4  3  3 0.15
  212 ZINC00010000 <0>1 1.498e+03   -36      -11.7    0        0        -47.7      2  3  3 0.02
  215 ZINC00002201 ZINC 1.063e+03   -5.18    -15.6    0        0        -20.8      2  3  3 0.57
  205 ZINC00000393 ZINC 1.415e+03   -25.3    -13.9    0        0        -39.2      9  3  3 0.07
  217 ZINC00000378 <0>1 1.227e+03   -45.5    -19.7    0        0        -65.3      9  3  3 0.47
  188 ZINC00002205 ZINC 1.439e+03   -78.8    -7.95    0        0        -86.8      9  3  3 0.07
  239 ZINC00001416 ZINC 1.359e+03   -52.4    -20      0        0        -72.4      0  3  3 0.29
  203 ZINC00000256 ZINC 1.131e+03   -29.3    -12.2    0        0        -41.5      5  3  3 0.00
  258 ZINC00000089 ZINC 7.327e+02   -18.8    -2.92    0        0        -21.7      4  3  3 0.00
  206 ZINC00000393 ZINC 1.300e+03   -20.5    -17.8    0        0        -38.3     10  3  3 0.00
  233 ZINC00000199 ZINC 1.356e+03   -10.2    -17.8    0        0        -28        7  3  3 0.07
  230 ZINC00000253 <0>1 9.671e+02   -25.5    -3.71    0        0        -29.2      1  3  3 0.09
  254 ZINC00000000 ZINC 1.316e+03   -14.1    -12.5    0        0        -26.6      3  3  3 0.27
  244 ZINC00001381 <0>1 1.357e+03   -27.8    -16.8    0        0        -44.6      6  3  3 0.23
  231 ZINC00000387 ZINC 1.247e+03   -11      -21.8    0        0        -32.8      0  3  3 0.44
  240 ZINC00000000 <0>1 1.090e+03   -42.3    -3.77    0        0        -46        5  3  3 0.01
  227 ZINC00000000 ZINC 7.045e+02   -65.7    -0.777   0        0        -66.5      0  3  3 0.44
  229 ZINC00000465 ZINC 5.713e+02   -64.6    -1.52    0        0        -66.1      3  3  3 0.44
  222 ZINC00002200 ZINC 1.361e+03   -29.8    -3.91    0        0        -33.8     10  3  3 0.02
  161 ZINC00000259 <0>1 1.271e+03   -57      -4.87    0        0        -61.9      9  3  3 0.01
  237 ZINC00000000 ZINC 1.309e+03   -44.7    -8.76    0        0        -53.5      7  3  3 0.00
  208 ZINC00000394 ZINC 1.741e+03   -66.7    0.29     0        0        -66.4      7  3  3 0.04
  256 ZINC00000393 ZINC 1.639e+03   -98      -13.4    0        0        -111       6  3  3 0.12
  225 ZINC00000154 <0>1 1.207e+03   -24      -17.7    0        0        -41.7     10  3  3 0.49
  259 ZINC00000089 ZINC 9.553e+02   -119     -5.93    0        0        -124       9  3  3 0.33
  223 ZINC00000380 ZINC 1.302e+03   -24.3    -2.96    0        0        -27.2      0  3  3 0.01
  232 ZINC00004993 ZINC 1.457e+03   -37.3    -13.8    0        0        -51        2  3  3 0.00
  226 ZINC00000513 ZINC 6.151e+02   -22.9    -2.53    0        0        -25.4      0  3  3 0.00
  235 ZINC00000671 ZINC 1.354e+03   -37      -11.3    0        0        -48.4      5  3  3 0.04
  264 ZINC00000005 <0>1 1.023e+03   -56.5    -7.53    0        0        -64        7  3  3 0.39
  278 ZINC00009556 ZINC 1.491e+03   2.01     -28.9    0        0        -26.9      8  3  3 0.03
  274 ZINC00000392 UNL1 1.378e+03   -23.3    -7.51    0        0        -30.8      2  3  3 0.00
  251 ZINC00005308 ZINC 1.143e+03   -32.8    -1.64    0        0        -34.5      7  3  3 0.00
  260 ZINC00000408 ZINC 1.623e+03   -14.8    -12      0        0        -26.8      8  3  3 0.11
  257 ZINC00000465 ZINC 5.713e+02   -64.4    -1.63    0        0        -66.1      3  3  3 0.44
  181 ZINC00000064 UNL1 1.249e+03   -8.24    -13.4    0        0        -21.6      6  3  3 0.00
  228 ZINC00000096 ZINC 9.037e+02   -3       -12.9    0        0        -15.9      0  3  3 0.38
  249 ZINC00001167 ZINC 1.356e+03   -25.7    -12.8    0        0        -38.5      7  3  3 0.06
  242 ZINC00003565 <0>1 1.371e+03   -22.9    -16.7    0        0        -39.6      6  3  3 0.29
  276 ZINC00000000 ZINC 1.361e+03   -36.5    -5.22    0        0        -41.7      3  3  3 0.00
  245 ZINC00000189 <0>1 1.295e+03   -35.8    -9.31    0        0        -45.1     10  3  3 0.00
  250 ZINC00004963 ZINC 1.439e+03   -1.15    -24.7    0        0        -25.8      5  3  3 0.03
  243 ZINC00000053 ZINC 1.536e+03   -43      -5.32    0        0        -48.3      1  3  3 0.06
  255 ZINC00000381 <0>1 1.398e+03   -10.5    -14.5    0        0        -25        0  3  3 0.00
  246 ZINC00008553 ZINC 1.756e+03   -140     -23.6    0        0        -163       6  3  3 0.46
  252 ZINC00000154 <0>1 1.369e+03   -21      -10.3    0        0        -31.3      7  3  3 0.06
  284 ZINC00000383 ZINC 1.369e+03   -31.8    -13.9    0        0        -45.6      2  3  3 0.01
  294 ZINC00000169 ZINC 1.359e+03   -53.1    -10.9    0        0        -64.1      0  3  3 0.35
  298 ZINC00004319 ZINC 1.297e+03   -49      -3.23    0        0        -52.2      3  3  3 0.00
  253 ZINC00000394 ZINC 1.430e+03   -33      -33.5    0        0        -66.6      3  3  3 0.29
  280 ZINC00004320 ZINC 1.452e+03   -19.6    -15      0        0        -34.6     10  3  3 0.06
  201 ZINC00002846 ZINC 1.505e+03   -73.4    -22.4    0        0        -95.8      3  3  3 0.28
  271 ZINC00000465 ZINC 1.546e+03   -21.2    -18.9    0        0        -40.1      4  3  3 0.00
  269 ZINC00000674 <0>1 1.376e+03   -26.3    -10.8    0        0        -37.1      6  3  3 0.00
  277 ZINC00001168 ZINC 1.522e+03   -19.3    -12.5    0        0        -31.8      8  3  3 0.05
  296 ZINC00000921 ZINC 1.569e+03   -73.8    -7.76    0        0        -81.5      5  3  3 0.02
  265 ZINC00005250 <0>1 1.298e+03   -12.6    -14.9    0        0        -27.5      9  3  3 0.20
  263 ZINC00001383 ZINC 1.486e+03   -54.2    -20.6    0        0        -74.8      7  3  3 0.20
  247 ZINC00008553 ZINC 1.670e+03   -96.5    -19.7    0        0        -116       6  3  3 0.27
  279 ZINC00008553 ZINC 1.562e+03   -10.7    -30.4    0        0        -41        3  3  3 0.09
  270 ZINC00003670 ZINC 1.261e+03   -39.3    -21.5    0        0        -60.7      4  3  3 0.04
  262 ZINC00002244 ZINC 1.293e+03   -39.9    -9.66    0        0        -49.6      3  3  3 0.00
  248 ZINC00000398 ZINC 1.536e+03   -98.4    -21      0        0        -119       5  3  3 0.00
  266 ZINC00003590 ZINC 1.356e+03   -65      5.17     0        0        -59.8      2  3  3 0.05
  275 ZINC00007226 ZINC 1.412e+03   -26.9    -13.8    0        0        -40.6      3  3  3 0.01
  272 ZINC00004320 ZINC 1.401e+03   -8.19    -18      0        0        -26.2      6  3  3 0.08
  273 ZINC00000201 ZINC 1.164e+03   -43.8    -7.11    0        0        -51        8  3  3 0.00
  291 ZINC00000089 ZINC 8.455e+02   -19      -1.03    0        0        -20        2  3  3 0.00
  289 ZINC00000000 ZINC 1.207e+03   -14.9    -15.2    0        0        -30.1      9  3  3 0.02
  297 ZINC00007231 ZINC 1.371e+03   -19.5    -18.6    0        0        -38        9  3  3 0.15
  221 ZINC00000153 ZINC 1.348e+03   -38.3    -9.55    0        0        -47.8      7  3  3 0.00
  283 ZINC00000383 ZINC 1.305e+03   -23.4    -18.3    0        0        -41.7      0  3  3 0.20
  285 ZINC00010005 ZINC 1.554e+03   -32.3    -11.8    0        0        -44.1      9  3  3 0.04
  282 ZINC00000821 ZINC 1.347e+03   -22.6    -10.4    0        0        -33        0  3  3 0.01
  268 ZINC00001421 ZINC 1.690e+03   -27      -9.47    0        0        -36.5      8  3  3 0.00
  290 ZINC00000163 ZINC 1.103e+03   -20.9    -6.41    0        0        -27.3      9  3  3 0.00
  299 ZINC00004319 ZINC 1.272e+03   -38.7    -6.35    0        0        -45        8  3  3 0.00
  295 ZINC00006616 ZINC 1.322e+03   -45.2    -16.5    0        0        -61.7      5  3  3 0.11
  267 ZINC00000392 ZINC 1.501e+03   -12.3    -26.8    0        0        -39.1      0  3  3 0.14
  292 ZINC00000000 ZINC 1.191e+03   -5.58    -18.7    0        0        -24.3      8  3  3 0.29
  293 ZINC00000090 <0>1 7.937e+02   -54.4    -3.04    0        0        -57.4      6  3  3 0.47
  300 ZINC00003069 ZINC 1.254e+03   -41      -10.8    0        0        -51.8     10  3  3 0.19
  241 ZINC00000380 <0>1 1.433e+03   -52.5    -11      0        0        -63.5      0  3  3 0.06
  286 ZINC00000387 <0>1 1.319e+03   -10.8    -17.8    0        0        -28.6     10  3  3 0.06
  288 ZINC00010029 <0>1 1.407e+03   -46.7    -19.4    0        0        -66.1      0  3  3 0.18
  287 ZINC00000153 ZINC 1.072e+03   -29.1    -2.91    0        0        -32        0  3  3 0.04
  261 ZINC00000682 <0>1 3.766e+02   -38      7.54     0        0        -30.5      1  3  3 0.00
  281 ZINC00000153 ZINC 1.180e+03   -23.7    -15.6    0        0        -39.3     10  3  3 0.16
  301 ZINC00000000 ZINC 9.816e+02   -12.9    -12.1    0        0        -25       10  3  3 0.31
****************************************************************************************************
Min Status:
    Failure = -1, Out of memory = -3, Roundoff limited = -4, Forced stop = -5,
    Stopval reached = 2, Ftol reached = 3, Xtol reached = 4, Maxeval reached=5, Maxtime reached=6
****************************************************************************************************
 Docking computations took 187 minute(s)
****************************************************************************************************
Finishing McLibela...
****************************************************************************************************
